
> react-portfolio@0.1.0 start /home/shacol/dev/react-portfolio
> react-scripts start

Starting the development server...

Compiled with warnings.

./src/components/contact.js
  Line 14:  Expected '===' and instead saw '=='  eqeqeq

./src/pages/homepage2.js
  Line 1:  'Component' is defined but never used           no-unused-vars
  Line 5:   'Contact' is defined but never used             no-unused-vars
  Line 6:   'ContactForm' is defined but never used         no-unused-vars
  Line 7:  'pulse' is defined but never used               no-unused-vars
  Line 8:   'Radium' is defined but never used              no-unused-vars
  Line 8:  'StyleRoot' is defined but never used           no-unused-vars
  Line 14:  'className' is assigned a value but never used  no-unused-vars

./src/components/childbox.js
  Line 1:   'Component' is defined but never used                                                                      no-unused-vars
  Line 10:  img elements must have an alt prop, either with meaningful text, or an empty string for decorative images  jsx-a11y/alt-text

./src/App.js
  Line 1:   'WithRouter' is defined but never used                                                                     no-unused-vars
  Line 3:    'Portfolio' is defined but never used                                                                      no-unused-vars
  Line 24:  'updateActivePath' is assigned a value but never used                                                      no-unused-vars
  Line 37:  img elements must have an alt prop, either with meaningful text, or an empty string for decorative images  jsx-a11y/alt-text

./src/components/image.js
  Line 1:  'Component' is defined but never used                                                                      no-unused-vars
  Line 19:  img elements must have an alt prop, either with meaningful text, or an empty string for decorative images  jsx-a11y/alt-text

./src/components/portfolio.js
  Line 1:  'Component' is defined but never used   no-unused-vars
  Line 3:   'GetGallery' is defined but never used  no-unused-vars

./src/components/portfolio1.js
  Line 1:  'Component' is defined but never used  no-unused-vars

./src/components/apirequest.js
  Line 1:   'React' is defined but never used          no-unused-vars
  Line 1:  'Component' is defined but never used      no-unused-vars
  Line 5:   'dets' is assigned a value but never used  no-unused-vars

./src/components/gallery1.js
  Line 91:  Expected '===' and instead saw '=='              eqeqeq
  Line 104:  'test' is assigned a value but never used        no-unused-vars
  Line 108:  'GalleryMod' is assigned a value but never used  no-unused-vars

Search for the keywords to learn more about each warning.
To ignore, add // eslint-disable-next-line to the line before.

